 
New instance of bashtop version: 0.9.25 Pid: 4978
 
New instance of bashtop version: 0.9.25 Pid: 1244
 
New instance of bashtop version: 0.9.25 Pid: 2438
 
New instance of bashtop version: 0.9.25 Pid: 4790
 
New instance of bashtop version: 0.9.25 Pid: 22646
 
New instance of bashtop version: 0.9.25 Pid: 283957
 
New instance of bashtop version: 0.9.25 Pid: 60852
 
New instance of bashtop version: 0.9.25 Pid: 6914
 
New instance of bashtop version: 0.9.25 Pid: 21937
 
New instance of bashtop version: 0.9.25 Pid: 296145
PSUTIL ERROR! Command: get_net('enx023739020051')
'enx023739020051'
01:07:15 AM ERROR: On line 4634 
PSUTIL ERROR! Command: get_net('enx023739020051')
'enx023739020051'
01:07:16 AM ERROR: On line 4634 (MUTED!)
PSUTIL ERROR! Command: get_net('enx023739020051')
'enx023739020051'
PSUTIL ERROR! Command: get_net('enx023739020051')
'enx023739020051'
PSUTIL ERROR! Command: get_net('enx023739020051')
'enx023739020051'
PSUTIL ERROR! Command: get_net('enx023739020051')
'enx023739020051'
PSUTIL ERROR! Command: get_net('enx023739020051')
'enx023739020051'
PSUTIL ERROR! Command: get_net('enx023739020051')
'enx023739020051'
PSUTIL ERROR! Command: get_net('enx023739020051')
'enx023739020051'
PSUTIL ERROR! Command: get_net('enx023739020051')
'enx023739020051'
PSUTIL ERROR! Command: get_net('enx023739020051')
'enx023739020051'
